<?xml version="1.0" encoding="UTF-8"?>
<!-- Generated by org.testng.reporters.JUnitReportReporter -->
<testsuite hostname="Lenovo" failures="0" tests="1" name="Framework_Scratch.Frameworks_E2EProject.ValidateNavigationBar" time="2.626" errors="0" timestamp="2021-12-27T13:45:03 IST" skipped="0">
  <testcase classname="Framework_Scratch.Frameworks_E2EProject.ValidateNavigationBar" name="validateAppNavBar" time="2.626"/>
  <system-out/>
</testsuite> <!-- Framework_Scratch.Frameworks_E2EProject.ValidateNavigationBar -->
