<?xml version="1.0" encoding="UTF-8"?>
<!-- Generated by org.testng.reporters.JUnitReportReporter -->
<testsuite hostname="Lenovo" failures="0" tests="1" name="Framework_Scratch.Frameworks_E2EProject.ValidateNavigationBar" time="0.310" errors="0" timestamp="2021-12-27T14:11:42 IST" skipped="0">
  <testcase classname="Framework_Scratch.Frameworks_E2EProject.ValidateNavigationBar" name="validateAppNavBar" time="0.310"/>
  <system-out/>
</testsuite> <!-- Framework_Scratch.Frameworks_E2EProject.ValidateNavigationBar -->
