<?xml version="1.0" encoding="UTF-8"?>
<!-- Generated by org.testng.reporters.JUnitReportReporter -->
<testsuite hostname="Lenovo" failures="0" tests="2" name="Framework_Scratch.Frameworks_E2EProject.HomePageTest" time="21.473" errors="0" timestamp="2021-12-27T14:11:42 IST" skipped="0">
  <testcase classname="Framework_Scratch.Frameworks_E2EProject.HomePageTest" name="basePageNavigation" time="14.959"/>
  <system-out/>
  <testcase classname="Framework_Scratch.Frameworks_E2EProject.HomePageTest" name="basePageNavigation" time="6.514"/>
  <system-out/>
</testsuite> <!-- Framework_Scratch.Frameworks_E2EProject.HomePageTest -->
