<?xml version="1.0" encoding="UTF-8"?>
<!-- Generated by org.testng.reporters.JUnitReportReporter -->
<testsuite hostname="Lenovo" failures="0" tests="2" name="Framework_Scratch.Frameworks_E2EProject.ValidateTitle" time="0.463" errors="0" timestamp="2021-12-27T14:11:42 IST" skipped="0">
  <testcase classname="Framework_Scratch.Frameworks_E2EProject.ValidateTitle" name="validateAppTitle" time="0.374"/>
  <system-out/>
  <testcase classname="Framework_Scratch.Frameworks_E2EProject.ValidateTitle" name="validateHeader" time="0.089"/>
  <system-out/>
</testsuite> <!-- Framework_Scratch.Frameworks_E2EProject.ValidateTitle -->
